Mips.cpp(280,24): warning :  illegal character encoding in string literal [-Winvalid-source-encoding]
Mips.cpp(291,24): warning :  illegal character encoding in string literal [-Winvalid-source-encoding]
Mips.cpp(381,10): warning :  illegal character encoding in string literal [-Winvalid-source-encoding]
Mips.cpp(393,10): warning :  illegal character encoding in string literal [-Winvalid-source-encoding]
Mips.cpp(401,12): warning :  illegal character encoding in string literal [-Winvalid-source-encoding]
Mips.cpp(1802,10): warning :  address of stack memory associated with local variable 'temp' returned [-Wreturn-stack-address]
Mips.cpp(2454,19): warning :  illegal character encoding in string literal [-Winvalid-source-encoding]
Mips.cpp(2456,19): warning :  illegal character encoding in string literal [-Winvalid-source-encoding]
Mips.cpp(2460,19): warning :  illegal character encoding in string literal [-Winvalid-source-encoding]
Mips.cpp(2462,19): warning :  illegal character encoding in string literal [-Winvalid-source-encoding]
Mips.cpp(2512,20): warning :  illegal character encoding in string literal [-Winvalid-source-encoding]
Mips.cpp(2549,20): warning :  illegal character encoding in string literal [-Winvalid-source-encoding]
Mips.cpp(2598,20): warning :  illegal character encoding in string literal [-Winvalid-source-encoding]
Mips.cpp(2639,20): warning :  illegal character encoding in string literal [-Winvalid-source-encoding]
Mips.cpp(2663,18): warning :  illegal character encoding in string literal [-Winvalid-source-encoding]
Mips.cpp(2710,20): warning :  illegal character encoding in string literal [-Winvalid-source-encoding]
Mips.cpp(2733,18): warning :  illegal character encoding in string literal [-Winvalid-source-encoding]
Mips.cpp(2774,20): warning :  illegal character encoding in string literal [-Winvalid-source-encoding]
Mips.cpp(2797,18): warning :  illegal character encoding in string literal [-Winvalid-source-encoding]
Mips.cpp(2820,18): warning :  illegal character encoding in string literal [-Winvalid-source-encoding]
Mips.cpp(2832,19): warning :  illegal character encoding in string literal [-Winvalid-source-encoding]
Mips.cpp(2867,19): warning :  illegal character encoding in string literal [-Winvalid-source-encoding]
Mips.cpp(2876,19): warning :  illegal character encoding in string literal [-Winvalid-source-encoding]
Mips.cpp(2894,18): warning :  illegal character encoding in string literal [-Winvalid-source-encoding]
Mips.cpp(2896,11): warning :  address of stack memory associated with local variable 'temp' returned [-Wreturn-stack-address]
Mips.cpp(2901,18): warning :  illegal character encoding in string literal [-Winvalid-source-encoding]
Mips.cpp(2915,18): warning :  illegal character encoding in string literal [-Winvalid-source-encoding]
Mips.cpp(2919,11): warning :  address of stack memory associated with local variable 'temp' returned [-Wreturn-stack-address]
Mips.cpp(2921,1): warning :  control may reach end of non-void function [-Wreturn-type]
Mips.cpp(2947,20): warning :  illegal character encoding in string literal [-Winvalid-source-encoding]
Mips.cpp(2959,18): warning :  illegal character encoding in string literal [-Winvalid-source-encoding]
Mips.cpp(2961,11): warning :  address of stack memory associated with local variable 'temp2' returned [-Wreturn-stack-address]
Mips.cpp(3000,21): warning :  illegal character encoding in string literal [-Winvalid-source-encoding]
Mips.cpp(3014,19): warning :  illegal character encoding in string literal [-Winvalid-source-encoding]
Mips.cpp(3018,12): warning :  address of stack memory associated with local variable 'temp2' returned [-Wreturn-stack-address]
Mips.cpp(3040,21): warning :  illegal character encoding in string literal [-Winvalid-source-encoding]
Mips.cpp(3054,19): warning :  illegal character encoding in string literal [-Winvalid-source-encoding]
Mips.cpp(3058,12): warning :  address of stack memory associated with local variable 'temp2' returned [-Wreturn-stack-address]
Mips.cpp(2969,7): warning :  unused variable 'temp4' [-Wunused-variable]
Mips.cpp(3069,20): warning :  illegal character encoding in string literal [-Winvalid-source-encoding]
Mips.cpp(3111,23): warning :  illegal character encoding in string literal [-Winvalid-source-encoding]
Mips.cpp(3124,21): warning :  illegal character encoding in string literal [-Winvalid-source-encoding]
Mips.cpp(3177,18): warning :  illegal character encoding in string literal [-Winvalid-source-encoding]
Mips.cpp(3185,18): warning :  illegal character encoding in string literal [-Winvalid-source-encoding]
Mips.cpp(3234,18): warning :  illegal character encoding in string literal [-Winvalid-source-encoding]
Mips.cpp(3239,18): warning :  illegal character encoding in string literal [-Winvalid-source-encoding]
Mips.cpp(3252,18): warning :  illegal character encoding in string literal [-Winvalid-source-encoding]
Mips.cpp(3291,20): warning :  illegal character encoding in string literal [-Winvalid-source-encoding]
Mips.cpp(3318,18): warning :  illegal character encoding in string literal [-Winvalid-source-encoding]
Mips.cpp(3355,17): warning :  illegal character encoding in string literal [-Winvalid-source-encoding]
Mips.cpp(3380,17): warning :  illegal character encoding in string literal [-Winvalid-source-encoding]
Mips.cpp(3426,18): warning :  illegal character encoding in string literal [-Winvalid-source-encoding]
Mips.cpp(3439,18): warning :  illegal character encoding in string literal [-Winvalid-source-encoding]
Mips.cpp(3478,20): warning :  illegal character encoding in string literal [-Winvalid-source-encoding]
Mips.cpp(3510,20): warning :  illegal character encoding in string literal [-Winvalid-source-encoding]
Mips.cpp(3584,18): warning :  illegal character encoding in string literal [-Winvalid-source-encoding]
Mips.cpp(3586,18): warning :  illegal character encoding in string literal [-Winvalid-source-encoding]
Mips.cpp(3612,20): warning :  illegal character encoding in string literal [-Winvalid-source-encoding]
Mips.cpp(3641,18): warning :  illegal character encoding in string literal [-Winvalid-source-encoding]
Mips.cpp(3665,20): warning :  illegal character encoding in string literal [-Winvalid-source-encoding]
Mips.cpp(3672,20): warning :  illegal character encoding in string literal [-Winvalid-source-encoding]
Mips.cpp(3700,18): warning :  illegal character encoding in string literal [-Winvalid-source-encoding]
Mips.cpp(3708,21): warning :  illegal character encoding in string literal [-Winvalid-source-encoding]
Mips.cpp(3737,21): warning :  illegal character encoding in string literal [-Winvalid-source-encoding]
Mips.cpp(3743,21): warning :  illegal character encoding in string literal [-Winvalid-source-encoding]
Mips.cpp(3769,20): warning :  illegal character encoding in string literal [-Winvalid-source-encoding]
Mips.cpp(3813,18): warning :  illegal character encoding in string literal [-Winvalid-source-encoding]
Mips.cpp(3819,18): warning :  illegal character encoding in string literal [-Winvalid-source-encoding]
Mips.cpp(3827,18): warning :  illegal character encoding in string literal [-Winvalid-source-encoding]
Mips.cpp(3835,18): warning :  illegal character encoding in string literal [-Winvalid-source-encoding]
Mips.cpp(3848,18): warning :  illegal character encoding in string literal [-Winvalid-source-encoding]
Mips.cpp(3869,19): warning :  illegal character encoding in string literal [-Winvalid-source-encoding]
Mips.cpp(3884,19): warning :  illegal character encoding in string literal [-Winvalid-source-encoding]
Mips.cpp(3900,18): warning :  illegal character encoding in string literal [-Winvalid-source-encoding]
Mips.cpp(3916,18): warning :  illegal character encoding in string literal [-Winvalid-source-encoding]
Mips.cpp(3932,18): warning :  illegal character encoding in string literal [-Winvalid-source-encoding]
Mips.cpp(3947,18): warning :  illegal character encoding in string literal [-Winvalid-source-encoding]
Mips.cpp(3955,18): warning :  illegal character encoding in string literal [-Winvalid-source-encoding]
Mips.cpp(3967,17): warning :  illegal character encoding in string literal [-Winvalid-source-encoding]
Mips.cpp(3982,17): warning :  illegal character encoding in string literal [-Winvalid-source-encoding]
Mips.cpp(4032,17): warning :  illegal character encoding in string literal [-Winvalid-source-encoding]
Mips.cpp(4075,17): warning :  illegal character encoding in string literal [-Winvalid-source-encoding]
Mips.cpp(4105,17): warning :  illegal character encoding in string literal [-Winvalid-source-encoding]
Mips.cpp(4155,17): warning :  illegal character encoding in string literal [-Winvalid-source-encoding]
  Mips.vcxproj -> E:\CompilerTechnology\data\Mips\Debug\Mips.exe
